<?xml version="1.0" encoding="UTF-8"?>
<!-- Generated by org.testng.reporters.JUnitReportReporter -->
<testsuite skipped="0" hostname="Asingh-LT" name="LETSSEE.LocalAndroidTest" tests="1" failures="0" timestamp="02 Dec 2019 16:23:40 GMT" time="28.812" errors="0">
  <testcase name="quickStartAndroidNativeDemo" time="28.812" classname="LETSSEE.LocalAndroidTest"/>
</testsuite> <!-- LETSSEE.LocalAndroidTest -->
