<?xml version="1.0" encoding="UTF-8"?>
<!-- Generated by org.testng.reporters.JUnitReportReporter -->
<testsuite skipped="0" hostname="Asingh-LT" name="LETSSEE.LocaliOSTest" tests="1" failures="0" timestamp="02 Dec 2019 16:06:18 GMT" time="44.023" errors="0">
  <testcase name="quickStartiOSNativeDemo" time="44.023" classname="LETSSEE.LocaliOSTest"/>
</testsuite> <!-- LETSSEE.LocaliOSTest -->
