<?xml version="1.0" encoding="UTF-8"?>
<!-- Generated by org.testng.reporters.JUnitReportReporter -->
<testsuite skipped="0" hostname="Asingh-LT" name="LETSSEE.LocalAndroidTest" tests="1" failures="0" timestamp="02 Dec 2019 16:08:09 GMT" time="27.419" errors="0">
  <testcase name="quickStartAndroidNativeDemo" time="27.419" classname="LETSSEE.LocalAndroidTest"/>
</testsuite> <!-- LETSSEE.LocalAndroidTest -->
